<?xml version="1.0" encoding="UTF-8"?>
<testsuite xmlns:xsi="http://www.w3.org/2001/XMLSchema-instance" xsi:noNamespaceSchemaLocation="https://maven.apache.org/surefire/maven-surefire-plugin/xsd/surefire-test-report.xsd" name="com.redhat.developer.demos.GreetingResourceTest" time="11.991" tests="1" errors="0" skipped="0" failures="0">
  <properties>
    <property name="sun.desktop" value="windows"/>
    <property name="awt.toolkit" value="sun.awt.windows.WToolkit"/>
    <property name="file.encoding.pkg" value="sun.io"/>
    <property name="java.specification.version" value="1.8"/>
    <property name="sun.cpu.isalist" value="amd64"/>
    <property name="sun.jnu.encoding" value="Cp1252"/>
    <property name="java.class.path" value="C:\github\mdas-modelo-desarrollo\target\test-classes;C:\github\mdas-modelo-desarrollo\target\classes;C:\Users\exteguadalupe\.m2\repository\io\quarkus\quarkus-resteasy\0.13.3\quarkus-resteasy-0.13.3.jar;C:\Users\exteguadalupe\.m2\repository\io\quarkus\quarkus-core\0.13.3\quarkus-core-0.13.3.jar;C:\Users\exteguadalupe\.m2\repository\javax\inject\javax.inject\1\javax.inject-1.jar;C:\Users\exteguadalupe\.m2\repository\javax\annotation\javax.annotation-api\1.3.2\javax.annotation-api-1.3.2.jar;C:\Users\exteguadalupe\.m2\repository\io\smallrye\smallrye-config\1.3.5\smallrye-config-1.3.5.jar;C:\Users\exteguadalupe\.m2\repository\org\eclipse\microprofile\config\microprofile-config-api\1.3\microprofile-config-api-1.3.jar;C:\Users\exteguadalupe\.m2\repository\org\osgi\org.osgi.annotation.versioning\1.0.0\org.osgi.annotation.versioning-1.0.0.jar;C:\Users\exteguadalupe\.m2\repository\javax\enterprise\cdi-api\2.0.SP1\cdi-api-2.0.SP1.jar;C:\Users\exteguadalupe\.m2\repository\javax\el\javax.el-api\3.0.0\javax.el-api-3.0.0.jar;C:\Users\exteguadalupe\.m2\repository\javax\interceptor\javax.interceptor-api\1.2\javax.interceptor-api-1.2.jar;C:\Users\exteguadalupe\.m2\repository\org\jboss\logging\jboss-logging\3.3.2.Final\jboss-logging-3.3.2.Final.jar;C:\Users\exteguadalupe\.m2\repository\org\jboss\logmanager\jboss-logmanager-embedded\1.0.3\jboss-logmanager-embedded-1.0.3.jar;C:\Users\exteguadalupe\.m2\repository\org\jboss\logging\jboss-logging-annotations\2.1.0.Final\jboss-logging-annotations-2.1.0.Final.jar;C:\Users\exteguadalupe\.m2\repository\org\jboss\threads\jboss-threads\3.0.0.Alpha4\jboss-threads-3.0.0.Alpha4.jar;C:\Users\exteguadalupe\.m2\repository\org\slf4j\slf4j-api\1.7.25\slf4j-api-1.7.25.jar;C:\Users\exteguadalupe\.m2\repository\org\jboss\slf4j\slf4j-jboss-logging\1.1.0.Final\slf4j-jboss-logging-1.1.0.Final.jar;C:\Users\exteguadalupe\.m2\repository\org\graalvm\sdk\graal-sdk\1.0.0-rc14\graal-sdk-1.0.0-rc14.jar;C:\Users\exteguadalupe\.m2\repository\org\wildfly\common\wildfly-common\1.5.0.Final-format-001\wildfly-common-1.5.0.Final-format-001.jar;C:\Users\exteguadalupe\.m2\repository\org\wildfly\security\wildfly-elytron-ssl\2.0.0.Alpha1\wildfly-elytron-ssl-2.0.0.Alpha1.jar;C:\Users\exteguadalupe\.m2\repository\org\wildfly\security\wildfly-elytron-auth-server\2.0.0.Alpha1\wildfly-elytron-auth-server-2.0.0.Alpha1.jar;C:\Users\exteguadalupe\.m2\repository\org\wildfly\security\wildfly-elytron-permission\2.0.0.Alpha1\wildfly-elytron-permission-2.0.0.Alpha1.jar;C:\Users\exteguadalupe\.m2\repository\org\wildfly\security\wildfly-elytron-base\2.0.0.Alpha1\wildfly-elytron-base-2.0.0.Alpha1.jar;C:\Users\exteguadalupe\.m2\repository\org\wildfly\security\wildfly-elytron-credential\2.0.0.Alpha1\wildfly-elytron-credential-2.0.0.Alpha1.jar;C:\Users\exteguadalupe\.m2\repository\org\wildfly\security\wildfly-elytron-auth\2.0.0.Alpha1\wildfly-elytron-auth-2.0.0.Alpha1.jar;C:\Users\exteguadalupe\.m2\repository\org\wildfly\security\wildfly-elytron-util\2.0.0.Alpha1\wildfly-elytron-util-2.0.0.Alpha1.jar;C:\Users\exteguadalupe\.m2\repository\org\wildfly\security\wildfly-elytron-x500\2.0.0.Alpha1\wildfly-elytron-x500-2.0.0.Alpha1.jar;C:\Users\exteguadalupe\.m2\repository\org\wildfly\security\wildfly-elytron-x500-cert\2.0.0.Alpha1\wildfly-elytron-x500-cert-2.0.0.Alpha1.jar;C:\Users\exteguadalupe\.m2\repository\org\wildfly\security\wildfly-elytron-asn1\2.0.0.Alpha1\wildfly-elytron-asn1-2.0.0.Alpha1.jar;C:\Users\exteguadalupe\.m2\repository\org\wildfly\security\wildfly-elytron-x500-cert-util\2.0.0.Alpha1\wildfly-elytron-x500-cert-util-2.0.0.Alpha1.jar;C:\Users\exteguadalupe\.m2\repository\io\quarkus\quarkus-undertow\0.13.3\quarkus-undertow-0.13.3.jar;C:\Users\exteguadalupe\.m2\repository\io\undertow\undertow-servlet\2.0.19.Final\undertow-servlet-2.0.19.Final.jar;C:\Users\exteguadalupe\.m2\repository\io\undertow\undertow-core\2.0.19.Final\undertow-core-2.0.19.Final.jar;C:\Users\exteguadalupe\.m2\repository\org\jboss\spec\javax\servlet\jboss-servlet-api_4.0_spec\1.0.0.Final\jboss-servlet-api_4.0_spec-1.0.0.Final.jar;C:\Users\exteguadalupe\.m2\repository\org\jboss\xnio\xnio-nio\3.7.0.Final\xnio-nio-3.7.0.Final.jar;C:\Users\exteguadalupe\.m2\repository\org\jboss\xnio\xnio-api\3.7.0.Final\xnio-api-3.7.0.Final.jar;C:\Users\exteguadalupe\.m2\repository\io\quarkus\quarkus-arc\0.13.3\quarkus-arc-0.13.3.jar;C:\Users\exteguadalupe\.m2\repository\io\quarkus\arc\arc\0.13.3\arc-0.13.3.jar;C:\Users\exteguadalupe\.m2\repository\io\quarkus\quarkus-resteasy-common\0.13.3\quarkus-resteasy-common-0.13.3.jar;C:\Users\exteguadalupe\.m2\repository\org\jboss\resteasy\resteasy-core\4.0.0.CR2\resteasy-core-4.0.0.CR2.jar;C:\Users\exteguadalupe\.m2\repository\org\jboss\spec\javax\ws\rs\jboss-jaxrs-api_2.1_spec\1.0.2.Final\jboss-jaxrs-api_2.1_spec-1.0.2.Final.jar;C:\Users\exteguadalupe\.m2\repository\org\jboss\spec\javax\xml\bind\jboss-jaxb-api_2.3_spec\1.0.1.Final\jboss-jaxb-api_2.3_spec-1.0.1.Final.jar;C:\Users\exteguadalupe\.m2\repository\org\jboss\resteasy\resteasy-core-spi\4.0.0.CR2\resteasy-core-spi-4.0.0.CR2.jar;C:\Users\exteguadalupe\.m2\repository\org\reactivestreams\reactive-streams\1.0.2\reactive-streams-1.0.2.jar;C:\Users\exteguadalupe\.m2\repository\commons-io\commons-io\2.5\commons-io-2.5.jar;C:\Users\exteguadalupe\.m2\repository\net\jcip\jcip-annotations\1.0\jcip-annotations-1.0.jar;C:\Users\exteguadalupe\.m2\repository\javax\validation\validation-api\2.0.1.Final\validation-api-2.0.1.Final.jar;C:\Users\exteguadalupe\.m2\repository\com\sun\activation\jakarta.activation\1.2.1\jakarta.activation-1.2.1.jar;C:\Users\exteguadalupe\.m2\repository\io\quarkus\quarkus-jaxb\0.13.3\quarkus-jaxb-0.13.3.jar;C:\Users\exteguadalupe\.m2\repository\javax\xml\bind\jaxb-api\2.3.1\jaxb-api-2.3.1.jar;C:\Users\exteguadalupe\.m2\repository\io\quarkus\quarkus-junit5\0.13.3\quarkus-junit5-0.13.3.jar;C:\Users\exteguadalupe\.m2\repository\io\quarkus\quarkus-bootstrap-core\0.13.3\quarkus-bootstrap-core-0.13.3.jar;C:\Users\exteguadalupe\.m2\repository\org\apache\maven\maven-settings-builder\3.5.4\maven-settings-builder-3.5.4.jar;C:\Users\exteguadalupe\.m2\repository\org\apache\maven\maven-builder-support\3.5.4\maven-builder-support-3.5.4.jar;C:\Users\exteguadalupe\.m2\repository\org\codehaus\plexus\plexus-utils\3.0.24\plexus-utils-3.0.24.jar;C:\Users\exteguadalupe\.m2\repository\org\codehaus\plexus\plexus-interpolation\1.24\plexus-interpolation-1.24.jar;C:\Users\exteguadalupe\.m2\repository\org\codehaus\plexus\plexus-component-annotations\1.7.1\plexus-component-annotations-1.7.1.jar;C:\Users\exteguadalupe\.m2\repository\org\apache\maven\maven-settings\3.5.4\maven-settings-3.5.4.jar;C:\Users\exteguadalupe\.m2\repository\org\sonatype\plexus\plexus-sec-dispatcher\1.4\plexus-sec-dispatcher-1.4.jar;C:\Users\exteguadalupe\.m2\repository\org\sonatype\plexus\plexus-cipher\1.4\plexus-cipher-1.4.jar;C:\Users\exteguadalupe\.m2\repository\org\apache\maven\maven-resolver-provider\3.5.4\maven-resolver-provider-3.5.4.jar;C:\Users\exteguadalupe\.m2\repository\org\apache\maven\maven-model\3.5.4\maven-model-3.5.4.jar;C:\Users\exteguadalupe\.m2\repository\org\apache\maven\maven-model-builder\3.5.4\maven-model-builder-3.5.4.jar;C:\Users\exteguadalupe\.m2\repository\org\apache\maven\maven-artifact\3.5.4\maven-artifact-3.5.4.jar;C:\Users\exteguadalupe\.m2\repository\com\google\guava\guava\27.0.1-jre\guava-27.0.1-jre.jar;C:\Users\exteguadalupe\.m2\repository\com\google\guava\failureaccess\1.0.1\failureaccess-1.0.1.jar;C:\Users\exteguadalupe\.m2\repository\com\google\guava\listenablefuture\9999.0-empty-to-avoid-conflict-with-guava\listenablefuture-9999.0-empty-to-avoid-conflict-with-guava.jar;C:\Users\exteguadalupe\.m2\repository\com\google\code\findbugs\jsr305\3.0.2\jsr305-3.0.2.jar;C:\Users\exteguadalupe\.m2\repository\org\checkerframework\checker-qual\2.5.2\checker-qual-2.5.2.jar;C:\Users\exteguadalupe\.m2\repository\com\google\errorprone\error_prone_annotations\2.2.0\error_prone_annotations-2.2.0.jar;C:\Users\exteguadalupe\.m2\repository\com\google\j2objc\j2objc-annotations\1.1\j2objc-annotations-1.1.jar;C:\Users\exteguadalupe\.m2\repository\org\codehaus\mojo\animal-sniffer-annotations\1.17\animal-sniffer-annotations-1.17.jar;C:\Users\exteguadalupe\.m2\repository\org\apache\maven\maven-repository-metadata\3.5.4\maven-repository-metadata-3.5.4.jar;C:\Users\exteguadalupe\.m2\repository\org\apache\maven\resolver\maven-resolver-api\1.1.1\maven-resolver-api-1.1.1.jar;C:\Users\exteguadalupe\.m2\repository\org\apache\maven\resolver\maven-resolver-spi\1.1.1\maven-resolver-spi-1.1.1.jar;C:\Users\exteguadalupe\.m2\repository\org\apache\maven\resolver\maven-resolver-util\1.1.1\maven-resolver-util-1.1.1.jar;C:\Users\exteguadalupe\.m2\repository\org\apache\maven\resolver\maven-resolver-impl\1.1.1\maven-resolver-impl-1.1.1.jar;C:\Users\exteguadalupe\.m2\repository\org\apache\maven\resolver\maven-resolver-connector-basic\1.1.1\maven-resolver-connector-basic-1.1.1.jar;C:\Users\exteguadalupe\.m2\repository\org\apache\maven\resolver\maven-resolver-transport-file\1.1.1\maven-resolver-transport-file-1.1.1.jar;C:\Users\exteguadalupe\.m2\repository\org\apache\maven\resolver\maven-resolver-transport-http\1.1.1\maven-resolver-transport-http-1.1.1.jar;C:\Users\exteguadalupe\.m2\repository\org\slf4j\jcl-over-slf4j\1.7.25\jcl-over-slf4j-1.7.25.jar;C:\Users\exteguadalupe\.m2\repository\io\quarkus\quarkus-test-common\0.13.3\quarkus-test-common-0.13.3.jar;C:\Users\exteguadalupe\.m2\repository\io\quarkus\quarkus-core-deployment\0.13.3\quarkus-core-deployment-0.13.3.jar;C:\Users\exteguadalupe\.m2\repository\commons-beanutils\commons-beanutils-core\1.8.3\commons-beanutils-core-1.8.3.jar;C:\Users\exteguadalupe\.m2\repository\org\jboss\invocation\jboss-invocation\1.5.2.Final\jboss-invocation-1.5.2.Final.jar;C:\Users\exteguadalupe\.m2\repository\org\jboss\classfilewriter\jboss-classfilewriter\1.2.4.Final\jboss-classfilewriter-1.2.4.Final.jar;C:\Users\exteguadalupe\.m2\repository\io\quarkus\gizmo\gizmo\1.0.0.Alpha3\gizmo-1.0.0.Alpha3.jar;C:\Users\exteguadalupe\.m2\repository\org\ow2\asm\asm\6.2.1\asm-6.2.1.jar;C:\Users\exteguadalupe\.m2\repository\io\quarkus\quarkus-builder\0.13.3\quarkus-builder-0.13.3.jar;C:\Users\exteguadalupe\.m2\repository\io\quarkus\quarkus-jsonp-deployment\0.13.3\quarkus-jsonp-deployment-0.13.3.jar;C:\Users\exteguadalupe\.m2\repository\io\quarkus\quarkus-jsonp\0.13.3\quarkus-jsonp-0.13.3.jar;C:\Users\exteguadalupe\.m2\repository\org\glassfish\javax.json\1.1.4\javax.json-1.1.4.jar;C:\Users\exteguadalupe\.m2\repository\org\jboss\jandex\2.1.1.Final\jandex-2.1.1.Final.jar;C:\Users\exteguadalupe\.m2\repository\org\junit\jupiter\junit-jupiter-api\5.4.1\junit-jupiter-api-5.4.1.jar;C:\Users\exteguadalupe\.m2\repository\org\apiguardian\apiguardian-api\1.0.0\apiguardian-api-1.0.0.jar;C:\Users\exteguadalupe\.m2\repository\org\opentest4j\opentest4j\1.1.1\opentest4j-1.1.1.jar;C:\Users\exteguadalupe\.m2\repository\org\junit\platform\junit-platform-commons\1.4.1\junit-platform-commons-1.4.1.jar;C:\Users\exteguadalupe\.m2\repository\org\junit\jupiter\junit-jupiter-params\5.4.1\junit-jupiter-params-5.4.1.jar;C:\Users\exteguadalupe\.m2\repository\org\junit\jupiter\junit-jupiter-engine\5.4.1\junit-jupiter-engine-5.4.1.jar;C:\Users\exteguadalupe\.m2\repository\org\junit\platform\junit-platform-engine\1.4.1\junit-platform-engine-1.4.1.jar;C:\Users\exteguadalupe\.m2\repository\io\rest-assured\rest-assured\3.3.0\rest-assured-3.3.0.jar;C:\Users\exteguadalupe\.m2\repository\org\codehaus\groovy\groovy\2.4.15\groovy-2.4.15.jar;C:\Users\exteguadalupe\.m2\repository\org\codehaus\groovy\groovy-xml\2.4.15\groovy-xml-2.4.15.jar;C:\Users\exteguadalupe\.m2\repository\org\apache\httpcomponents\httpclient\4.5.7\httpclient-4.5.7.jar;C:\Users\exteguadalupe\.m2\repository\org\apache\httpcomponents\httpcore\4.4.11\httpcore-4.4.11.jar;C:\Users\exteguadalupe\.m2\repository\commons-logging\commons-logging\1.2\commons-logging-1.2.jar;C:\Users\exteguadalupe\.m2\repository\commons-codec\commons-codec\1.11\commons-codec-1.11.jar;C:\Users\exteguadalupe\.m2\repository\org\apache\httpcomponents\httpmime\4.5.3\httpmime-4.5.3.jar;C:\Users\exteguadalupe\.m2\repository\org\hamcrest\hamcrest-core\1.3\hamcrest-core-1.3.jar;C:\Users\exteguadalupe\.m2\repository\org\hamcrest\hamcrest-library\1.3\hamcrest-library-1.3.jar;C:\Users\exteguadalupe\.m2\repository\org\ccil\cowan\tagsoup\tagsoup\1.2.1\tagsoup-1.2.1.jar;C:\Users\exteguadalupe\.m2\repository\io\rest-assured\json-path\3.3.0\json-path-3.3.0.jar;C:\Users\exteguadalupe\.m2\repository\org\codehaus\groovy\groovy-json\2.4.15\groovy-json-2.4.15.jar;C:\Users\exteguadalupe\.m2\repository\io\rest-assured\rest-assured-common\3.3.0\rest-assured-common-3.3.0.jar;C:\Users\exteguadalupe\.m2\repository\io\rest-assured\xml-path\3.3.0\xml-path-3.3.0.jar;C:\Users\exteguadalupe\.m2\repository\org\apache\commons\commons-lang3\3.8.1\commons-lang3-3.8.1.jar;C:\Users\exteguadalupe\.m2\repository\com\sun\xml\bind\jaxb-osgi\2.2.10\jaxb-osgi-2.2.10.jar;C:\Users\exteguadalupe\.m2\repository\org\apache\sling\org.apache.sling.javax.activation\0.1.0\org.apache.sling.javax.activation-0.1.0.jar;"/>
    <property name="java.vm.vendor" value="Oracle Corporation"/>
    <property name="sun.arch.data.model" value="64"/>
    <property name="user.variant" value=""/>
    <property name="java.vendor.url" value="http://java.oracle.com/"/>
    <property name="user.timezone" value="America/Bogota"/>
    <property name="java.vm.specification.version" value="1.8"/>
    <property name="os.name" value="Windows 10"/>
    <property name="user.country" value="PE"/>
    <property name="sun.java.launcher" value="SUN_STANDARD"/>
    <property name="sun.boot.library.path" value="C:\Program Files\Java\jdk1.8.0_221\jre\bin"/>
    <property name="sun.java.command" value="C:\Users\EXTEGU~1\AppData\Local\Temp\surefire6433222766720796565\surefirebooter6111980298853651526.jar C:\Users\exteguadalupe\AppData\Local\Temp\surefire6433222766720796565 2021-03-11T15-35-58_209-jvmRun1 surefire5416220493818734658tmp surefire_05650889845869931759tmp"/>
    <property name="surefire.test.class.path" value="C:\github\mdas-modelo-desarrollo\target\test-classes;C:\github\mdas-modelo-desarrollo\target\classes;C:\Users\exteguadalupe\.m2\repository\io\quarkus\quarkus-resteasy\0.13.3\quarkus-resteasy-0.13.3.jar;C:\Users\exteguadalupe\.m2\repository\io\quarkus\quarkus-core\0.13.3\quarkus-core-0.13.3.jar;C:\Users\exteguadalupe\.m2\repository\javax\inject\javax.inject\1\javax.inject-1.jar;C:\Users\exteguadalupe\.m2\repository\javax\annotation\javax.annotation-api\1.3.2\javax.annotation-api-1.3.2.jar;C:\Users\exteguadalupe\.m2\repository\io\smallrye\smallrye-config\1.3.5\smallrye-config-1.3.5.jar;C:\Users\exteguadalupe\.m2\repository\org\eclipse\microprofile\config\microprofile-config-api\1.3\microprofile-config-api-1.3.jar;C:\Users\exteguadalupe\.m2\repository\org\osgi\org.osgi.annotation.versioning\1.0.0\org.osgi.annotation.versioning-1.0.0.jar;C:\Users\exteguadalupe\.m2\repository\javax\enterprise\cdi-api\2.0.SP1\cdi-api-2.0.SP1.jar;C:\Users\exteguadalupe\.m2\repository\javax\el\javax.el-api\3.0.0\javax.el-api-3.0.0.jar;C:\Users\exteguadalupe\.m2\repository\javax\interceptor\javax.interceptor-api\1.2\javax.interceptor-api-1.2.jar;C:\Users\exteguadalupe\.m2\repository\org\jboss\logging\jboss-logging\3.3.2.Final\jboss-logging-3.3.2.Final.jar;C:\Users\exteguadalupe\.m2\repository\org\jboss\logmanager\jboss-logmanager-embedded\1.0.3\jboss-logmanager-embedded-1.0.3.jar;C:\Users\exteguadalupe\.m2\repository\org\jboss\logging\jboss-logging-annotations\2.1.0.Final\jboss-logging-annotations-2.1.0.Final.jar;C:\Users\exteguadalupe\.m2\repository\org\jboss\threads\jboss-threads\3.0.0.Alpha4\jboss-threads-3.0.0.Alpha4.jar;C:\Users\exteguadalupe\.m2\repository\org\slf4j\slf4j-api\1.7.25\slf4j-api-1.7.25.jar;C:\Users\exteguadalupe\.m2\repository\org\jboss\slf4j\slf4j-jboss-logging\1.1.0.Final\slf4j-jboss-logging-1.1.0.Final.jar;C:\Users\exteguadalupe\.m2\repository\org\graalvm\sdk\graal-sdk\1.0.0-rc14\graal-sdk-1.0.0-rc14.jar;C:\Users\exteguadalupe\.m2\repository\org\wildfly\common\wildfly-common\1.5.0.Final-format-001\wildfly-common-1.5.0.Final-format-001.jar;C:\Users\exteguadalupe\.m2\repository\org\wildfly\security\wildfly-elytron-ssl\2.0.0.Alpha1\wildfly-elytron-ssl-2.0.0.Alpha1.jar;C:\Users\exteguadalupe\.m2\repository\org\wildfly\security\wildfly-elytron-auth-server\2.0.0.Alpha1\wildfly-elytron-auth-server-2.0.0.Alpha1.jar;C:\Users\exteguadalupe\.m2\repository\org\wildfly\security\wildfly-elytron-permission\2.0.0.Alpha1\wildfly-elytron-permission-2.0.0.Alpha1.jar;C:\Users\exteguadalupe\.m2\repository\org\wildfly\security\wildfly-elytron-base\2.0.0.Alpha1\wildfly-elytron-base-2.0.0.Alpha1.jar;C:\Users\exteguadalupe\.m2\repository\org\wildfly\security\wildfly-elytron-credential\2.0.0.Alpha1\wildfly-elytron-credential-2.0.0.Alpha1.jar;C:\Users\exteguadalupe\.m2\repository\org\wildfly\security\wildfly-elytron-auth\2.0.0.Alpha1\wildfly-elytron-auth-2.0.0.Alpha1.jar;C:\Users\exteguadalupe\.m2\repository\org\wildfly\security\wildfly-elytron-util\2.0.0.Alpha1\wildfly-elytron-util-2.0.0.Alpha1.jar;C:\Users\exteguadalupe\.m2\repository\org\wildfly\security\wildfly-elytron-x500\2.0.0.Alpha1\wildfly-elytron-x500-2.0.0.Alpha1.jar;C:\Users\exteguadalupe\.m2\repository\org\wildfly\security\wildfly-elytron-x500-cert\2.0.0.Alpha1\wildfly-elytron-x500-cert-2.0.0.Alpha1.jar;C:\Users\exteguadalupe\.m2\repository\org\wildfly\security\wildfly-elytron-asn1\2.0.0.Alpha1\wildfly-elytron-asn1-2.0.0.Alpha1.jar;C:\Users\exteguadalupe\.m2\repository\org\wildfly\security\wildfly-elytron-x500-cert-util\2.0.0.Alpha1\wildfly-elytron-x500-cert-util-2.0.0.Alpha1.jar;C:\Users\exteguadalupe\.m2\repository\io\quarkus\quarkus-undertow\0.13.3\quarkus-undertow-0.13.3.jar;C:\Users\exteguadalupe\.m2\repository\io\undertow\undertow-servlet\2.0.19.Final\undertow-servlet-2.0.19.Final.jar;C:\Users\exteguadalupe\.m2\repository\io\undertow\undertow-core\2.0.19.Final\undertow-core-2.0.19.Final.jar;C:\Users\exteguadalupe\.m2\repository\org\jboss\spec\javax\servlet\jboss-servlet-api_4.0_spec\1.0.0.Final\jboss-servlet-api_4.0_spec-1.0.0.Final.jar;C:\Users\exteguadalupe\.m2\repository\org\jboss\xnio\xnio-nio\3.7.0.Final\xnio-nio-3.7.0.Final.jar;C:\Users\exteguadalupe\.m2\repository\org\jboss\xnio\xnio-api\3.7.0.Final\xnio-api-3.7.0.Final.jar;C:\Users\exteguadalupe\.m2\repository\io\quarkus\quarkus-arc\0.13.3\quarkus-arc-0.13.3.jar;C:\Users\exteguadalupe\.m2\repository\io\quarkus\arc\arc\0.13.3\arc-0.13.3.jar;C:\Users\exteguadalupe\.m2\repository\io\quarkus\quarkus-resteasy-common\0.13.3\quarkus-resteasy-common-0.13.3.jar;C:\Users\exteguadalupe\.m2\repository\org\jboss\resteasy\resteasy-core\4.0.0.CR2\resteasy-core-4.0.0.CR2.jar;C:\Users\exteguadalupe\.m2\repository\org\jboss\spec\javax\ws\rs\jboss-jaxrs-api_2.1_spec\1.0.2.Final\jboss-jaxrs-api_2.1_spec-1.0.2.Final.jar;C:\Users\exteguadalupe\.m2\repository\org\jboss\spec\javax\xml\bind\jboss-jaxb-api_2.3_spec\1.0.1.Final\jboss-jaxb-api_2.3_spec-1.0.1.Final.jar;C:\Users\exteguadalupe\.m2\repository\org\jboss\resteasy\resteasy-core-spi\4.0.0.CR2\resteasy-core-spi-4.0.0.CR2.jar;C:\Users\exteguadalupe\.m2\repository\org\reactivestreams\reactive-streams\1.0.2\reactive-streams-1.0.2.jar;C:\Users\exteguadalupe\.m2\repository\commons-io\commons-io\2.5\commons-io-2.5.jar;C:\Users\exteguadalupe\.m2\repository\net\jcip\jcip-annotations\1.0\jcip-annotations-1.0.jar;C:\Users\exteguadalupe\.m2\repository\javax\validation\validation-api\2.0.1.Final\validation-api-2.0.1.Final.jar;C:\Users\exteguadalupe\.m2\repository\com\sun\activation\jakarta.activation\1.2.1\jakarta.activation-1.2.1.jar;C:\Users\exteguadalupe\.m2\repository\io\quarkus\quarkus-jaxb\0.13.3\quarkus-jaxb-0.13.3.jar;C:\Users\exteguadalupe\.m2\repository\javax\xml\bind\jaxb-api\2.3.1\jaxb-api-2.3.1.jar;C:\Users\exteguadalupe\.m2\repository\io\quarkus\quarkus-junit5\0.13.3\quarkus-junit5-0.13.3.jar;C:\Users\exteguadalupe\.m2\repository\io\quarkus\quarkus-bootstrap-core\0.13.3\quarkus-bootstrap-core-0.13.3.jar;C:\Users\exteguadalupe\.m2\repository\org\apache\maven\maven-settings-builder\3.5.4\maven-settings-builder-3.5.4.jar;C:\Users\exteguadalupe\.m2\repository\org\apache\maven\maven-builder-support\3.5.4\maven-builder-support-3.5.4.jar;C:\Users\exteguadalupe\.m2\repository\org\codehaus\plexus\plexus-utils\3.0.24\plexus-utils-3.0.24.jar;C:\Users\exteguadalupe\.m2\repository\org\codehaus\plexus\plexus-interpolation\1.24\plexus-interpolation-1.24.jar;C:\Users\exteguadalupe\.m2\repository\org\codehaus\plexus\plexus-component-annotations\1.7.1\plexus-component-annotations-1.7.1.jar;C:\Users\exteguadalupe\.m2\repository\org\apache\maven\maven-settings\3.5.4\maven-settings-3.5.4.jar;C:\Users\exteguadalupe\.m2\repository\org\sonatype\plexus\plexus-sec-dispatcher\1.4\plexus-sec-dispatcher-1.4.jar;C:\Users\exteguadalupe\.m2\repository\org\sonatype\plexus\plexus-cipher\1.4\plexus-cipher-1.4.jar;C:\Users\exteguadalupe\.m2\repository\org\apache\maven\maven-resolver-provider\3.5.4\maven-resolver-provider-3.5.4.jar;C:\Users\exteguadalupe\.m2\repository\org\apache\maven\maven-model\3.5.4\maven-model-3.5.4.jar;C:\Users\exteguadalupe\.m2\repository\org\apache\maven\maven-model-builder\3.5.4\maven-model-builder-3.5.4.jar;C:\Users\exteguadalupe\.m2\repository\org\apache\maven\maven-artifact\3.5.4\maven-artifact-3.5.4.jar;C:\Users\exteguadalupe\.m2\repository\com\google\guava\guava\27.0.1-jre\guava-27.0.1-jre.jar;C:\Users\exteguadalupe\.m2\repository\com\google\guava\failureaccess\1.0.1\failureaccess-1.0.1.jar;C:\Users\exteguadalupe\.m2\repository\com\google\guava\listenablefuture\9999.0-empty-to-avoid-conflict-with-guava\listenablefuture-9999.0-empty-to-avoid-conflict-with-guava.jar;C:\Users\exteguadalupe\.m2\repository\com\google\code\findbugs\jsr305\3.0.2\jsr305-3.0.2.jar;C:\Users\exteguadalupe\.m2\repository\org\checkerframework\checker-qual\2.5.2\checker-qual-2.5.2.jar;C:\Users\exteguadalupe\.m2\repository\com\google\errorprone\error_prone_annotations\2.2.0\error_prone_annotations-2.2.0.jar;C:\Users\exteguadalupe\.m2\repository\com\google\j2objc\j2objc-annotations\1.1\j2objc-annotations-1.1.jar;C:\Users\exteguadalupe\.m2\repository\org\codehaus\mojo\animal-sniffer-annotations\1.17\animal-sniffer-annotations-1.17.jar;C:\Users\exteguadalupe\.m2\repository\org\apache\maven\maven-repository-metadata\3.5.4\maven-repository-metadata-3.5.4.jar;C:\Users\exteguadalupe\.m2\repository\org\apache\maven\resolver\maven-resolver-api\1.1.1\maven-resolver-api-1.1.1.jar;C:\Users\exteguadalupe\.m2\repository\org\apache\maven\resolver\maven-resolver-spi\1.1.1\maven-resolver-spi-1.1.1.jar;C:\Users\exteguadalupe\.m2\repository\org\apache\maven\resolver\maven-resolver-util\1.1.1\maven-resolver-util-1.1.1.jar;C:\Users\exteguadalupe\.m2\repository\org\apache\maven\resolver\maven-resolver-impl\1.1.1\maven-resolver-impl-1.1.1.jar;C:\Users\exteguadalupe\.m2\repository\org\apache\maven\resolver\maven-resolver-connector-basic\1.1.1\maven-resolver-connector-basic-1.1.1.jar;C:\Users\exteguadalupe\.m2\repository\org\apache\maven\resolver\maven-resolver-transport-file\1.1.1\maven-resolver-transport-file-1.1.1.jar;C:\Users\exteguadalupe\.m2\repository\org\apache\maven\resolver\maven-resolver-transport-http\1.1.1\maven-resolver-transport-http-1.1.1.jar;C:\Users\exteguadalupe\.m2\repository\org\slf4j\jcl-over-slf4j\1.7.25\jcl-over-slf4j-1.7.25.jar;C:\Users\exteguadalupe\.m2\repository\io\quarkus\quarkus-test-common\0.13.3\quarkus-test-common-0.13.3.jar;C:\Users\exteguadalupe\.m2\repository\io\quarkus\quarkus-core-deployment\0.13.3\quarkus-core-deployment-0.13.3.jar;C:\Users\exteguadalupe\.m2\repository\commons-beanutils\commons-beanutils-core\1.8.3\commons-beanutils-core-1.8.3.jar;C:\Users\exteguadalupe\.m2\repository\org\jboss\invocation\jboss-invocation\1.5.2.Final\jboss-invocation-1.5.2.Final.jar;C:\Users\exteguadalupe\.m2\repository\org\jboss\classfilewriter\jboss-classfilewriter\1.2.4.Final\jboss-classfilewriter-1.2.4.Final.jar;C:\Users\exteguadalupe\.m2\repository\io\quarkus\gizmo\gizmo\1.0.0.Alpha3\gizmo-1.0.0.Alpha3.jar;C:\Users\exteguadalupe\.m2\repository\org\ow2\asm\asm\6.2.1\asm-6.2.1.jar;C:\Users\exteguadalupe\.m2\repository\io\quarkus\quarkus-builder\0.13.3\quarkus-builder-0.13.3.jar;C:\Users\exteguadalupe\.m2\repository\io\quarkus\quarkus-jsonp-deployment\0.13.3\quarkus-jsonp-deployment-0.13.3.jar;C:\Users\exteguadalupe\.m2\repository\io\quarkus\quarkus-jsonp\0.13.3\quarkus-jsonp-0.13.3.jar;C:\Users\exteguadalupe\.m2\repository\org\glassfish\javax.json\1.1.4\javax.json-1.1.4.jar;C:\Users\exteguadalupe\.m2\repository\org\jboss\jandex\2.1.1.Final\jandex-2.1.1.Final.jar;C:\Users\exteguadalupe\.m2\repository\org\junit\jupiter\junit-jupiter-api\5.4.1\junit-jupiter-api-5.4.1.jar;C:\Users\exteguadalupe\.m2\repository\org\apiguardian\apiguardian-api\1.0.0\apiguardian-api-1.0.0.jar;C:\Users\exteguadalupe\.m2\repository\org\opentest4j\opentest4j\1.1.1\opentest4j-1.1.1.jar;C:\Users\exteguadalupe\.m2\repository\org\junit\platform\junit-platform-commons\1.4.1\junit-platform-commons-1.4.1.jar;C:\Users\exteguadalupe\.m2\repository\org\junit\jupiter\junit-jupiter-params\5.4.1\junit-jupiter-params-5.4.1.jar;C:\Users\exteguadalupe\.m2\repository\org\junit\jupiter\junit-jupiter-engine\5.4.1\junit-jupiter-engine-5.4.1.jar;C:\Users\exteguadalupe\.m2\repository\org\junit\platform\junit-platform-engine\1.4.1\junit-platform-engine-1.4.1.jar;C:\Users\exteguadalupe\.m2\repository\io\rest-assured\rest-assured\3.3.0\rest-assured-3.3.0.jar;C:\Users\exteguadalupe\.m2\repository\org\codehaus\groovy\groovy\2.4.15\groovy-2.4.15.jar;C:\Users\exteguadalupe\.m2\repository\org\codehaus\groovy\groovy-xml\2.4.15\groovy-xml-2.4.15.jar;C:\Users\exteguadalupe\.m2\repository\org\apache\httpcomponents\httpclient\4.5.7\httpclient-4.5.7.jar;C:\Users\exteguadalupe\.m2\repository\org\apache\httpcomponents\httpcore\4.4.11\httpcore-4.4.11.jar;C:\Users\exteguadalupe\.m2\repository\commons-logging\commons-logging\1.2\commons-logging-1.2.jar;C:\Users\exteguadalupe\.m2\repository\commons-codec\commons-codec\1.11\commons-codec-1.11.jar;C:\Users\exteguadalupe\.m2\repository\org\apache\httpcomponents\httpmime\4.5.3\httpmime-4.5.3.jar;C:\Users\exteguadalupe\.m2\repository\org\hamcrest\hamcrest-core\1.3\hamcrest-core-1.3.jar;C:\Users\exteguadalupe\.m2\repository\org\hamcrest\hamcrest-library\1.3\hamcrest-library-1.3.jar;C:\Users\exteguadalupe\.m2\repository\org\ccil\cowan\tagsoup\tagsoup\1.2.1\tagsoup-1.2.1.jar;C:\Users\exteguadalupe\.m2\repository\io\rest-assured\json-path\3.3.0\json-path-3.3.0.jar;C:\Users\exteguadalupe\.m2\repository\org\codehaus\groovy\groovy-json\2.4.15\groovy-json-2.4.15.jar;C:\Users\exteguadalupe\.m2\repository\io\rest-assured\rest-assured-common\3.3.0\rest-assured-common-3.3.0.jar;C:\Users\exteguadalupe\.m2\repository\io\rest-assured\xml-path\3.3.0\xml-path-3.3.0.jar;C:\Users\exteguadalupe\.m2\repository\org\apache\commons\commons-lang3\3.8.1\commons-lang3-3.8.1.jar;C:\Users\exteguadalupe\.m2\repository\com\sun\xml\bind\jaxb-osgi\2.2.10\jaxb-osgi-2.2.10.jar;C:\Users\exteguadalupe\.m2\repository\org\apache\sling\org.apache.sling.javax.activation\0.1.0\org.apache.sling.javax.activation-0.1.0.jar;"/>
    <property name="sun.cpu.endian" value="little"/>
    <property name="user.home" value="C:\Users\exteguadalupe"/>
    <property name="user.language" value="es"/>
    <property name="java.specification.vendor" value="Oracle Corporation"/>
    <property name="java.home" value="C:\Program Files\Java\jdk1.8.0_221\jre"/>
    <property name="basedir" value="C:\github\mdas-modelo-desarrollo"/>
    <property name="file.separator" value="\"/>
    <property name="line.separator" value="&#10;"/>
    <property name="java.vm.specification.vendor" value="Oracle Corporation"/>
    <property name="java.specification.name" value="Java Platform API Specification"/>
    <property name="java.awt.graphicsenv" value="sun.awt.Win32GraphicsEnvironment"/>
    <property name="surefire.real.class.path" value="C:\Users\EXTEGU~1\AppData\Local\Temp\surefire6433222766720796565\surefirebooter6111980298853651526.jar"/>
    <property name="sun.boot.class.path" value="C:\Program Files\Java\jdk1.8.0_221\jre\lib\resources.jar;C:\Program Files\Java\jdk1.8.0_221\jre\lib\rt.jar;C:\Program Files\Java\jdk1.8.0_221\jre\lib\sunrsasign.jar;C:\Program Files\Java\jdk1.8.0_221\jre\lib\jsse.jar;C:\Program Files\Java\jdk1.8.0_221\jre\lib\jce.jar;C:\Program Files\Java\jdk1.8.0_221\jre\lib\charsets.jar;C:\Program Files\Java\jdk1.8.0_221\jre\lib\jfr.jar;C:\Program Files\Java\jdk1.8.0_221\jre\classes"/>
    <property name="user.script" value=""/>
    <property name="sun.management.compiler" value="HotSpot 64-Bit Tiered Compilers"/>
    <property name="java.runtime.version" value="1.8.0_221-b11"/>
    <property name="user.name" value="EXTEGUADALUPE"/>
    <property name="path.separator" value=";"/>
    <property name="os.version" value="10.0"/>
    <property name="java.endorsed.dirs" value="C:\Program Files\Java\jdk1.8.0_221\jre\lib\endorsed"/>
    <property name="java.runtime.name" value="Java(TM) SE Runtime Environment"/>
    <property name="file.encoding" value="Cp1252"/>
    <property name="java.vm.name" value="Java HotSpot(TM) 64-Bit Server VM"/>
    <property name="localRepository" value="C:\Users\exteguadalupe\.m2\repository"/>
    <property name="java.vendor.url.bug" value="http://bugreport.sun.com/bugreport/"/>
    <property name="java.io.tmpdir" value="C:\Users\EXTEGU~1\AppData\Local\Temp\"/>
    <property name="java.version" value="1.8.0_221"/>
    <property name="user.dir" value="C:\github\mdas-modelo-desarrollo"/>
    <property name="os.arch" value="amd64"/>
    <property name="java.vm.specification.name" value="Java Virtual Machine Specification"/>
    <property name="java.awt.printerjob" value="sun.awt.windows.WPrinterJob"/>
    <property name="sun.os.patch.level" value=""/>
    <property name="idea.version2019.3.4" value="true"/>
    <property name="java.util.logging.manager" value="org.jboss.logmanager.LogManager"/>
    <property name="java.library.path" value="C:\Program Files\Java\jdk1.8.0_221\jre\bin;C:\WINDOWS\Sun\Java\bin;C:\WINDOWS\system32;C:\WINDOWS;C:\Python39\Scripts\;C:\Python39\;C:\Python27\;C:\Python27\Scripts;C:\Program Files (x86)\Common Files\Oracle\Java\javapath;C:\WINDOWS\system32;C:\WINDOWS;C:\WINDOWS\System32\Wbem;C:\WINDOWS\System32\WindowsPowerShell\v1.0\;C:\WINDOWS\System32\OpenSSH\;C:\Program Files\Intel\WiFi\bin\;C:\Program Files\Common Files\Intel\WirelessCommon\;C:\Program Files\dotnet\;C:\Program Files\Microsoft SQL Server\130\Tools\Binn\;C:\Program Files\Microsoft SQL Server\120\DTS\Binn\;C:\Program Files\Microsoft SQL Server\Client SDK\ODBC\110\Tools\Binn\;C:\Program Files (x86)\Microsoft SQL Server\120\Tools\Binn\;C:\Program Files\Microsoft SQL Server\120\Tools\Binn\;C:\Program Files (x86)\Microsoft SQL Server\120\Tools\Binn\ManagementStudio\;C:\Program Files (x86)\Microsoft SQL Server\120\DTS\Binn\;C:\Program Files\Git\cmd;C:\Program Files\Microsoft SQL Server\Client SDK\ODBC\170\Tools\Binn\;C:\Program Files (x86)\Microsoft SQL Server\150\DTS\Binn\;C:\Program Files (x86)\Intel\Intel(R) Management Engine Components\DAL;C:\Program Files\Intel\Intel(R) Management Engine Components\DAL;C:\Program Files\Microsoft SQL Server\Client SDK\ODBC\130\Tools\Binn\;C:\Program Files (x86)\Microsoft SQL Server\140\Tools\Binn\;C:\Program Files\Microsoft SQL Server\140\Tools\Binn\;C:\Program Files\Microsoft SQL Server\140\DTS\Binn\;C:\Program Files (x86)\Microsoft SQL Server\110\DTS\Binn\;C:\Program Files (x86)\Microsoft SQL Server\130\DTS\Binn\;C:\Program Files (x86)\Microsoft SQL Server\140\DTS\Binn\;C:\Program Files\Microsoft SQL Server\110\DTS\Binn\;C:\Program Files (x86)\Microsoft SQL Server\110\Tools\Binn\;C:\Program Files\Microsoft SQL Server\110\Tools\Binn\;C:\Program Files (x86)\Microsoft SQL Server\110\Tools\Binn\ManagementStudio\;C:\Program Files (x86)\Microsoft Visual Studio 10.0\Common7\IDE\PrivateAssemblies\;C:\Program Files (x86)\sbt\bin;C:\Program Files\Amazon\AWSCLI\bin\;C:\Program Files\nodejs\;C:\ProgramData\chocolatey\bin;C:\Program Files (x86)\GitExtensions\;C:\Program Files\PuTTY\;C:\Program Files (x86)\Microsoft SQL Server\150\Tools\Binn\;C:\Program Files\Microsoft SQL Server\150\Tools\Binn\;C:\Program Files\Microsoft SQL Server\150\DTS\Binn\;C:\Program Files\Docker\Docker\resources\bin;C:\ProgramData\DockerDesktop\version-bin;C:\Users\exteguadalupe\AppData\Local\Programs\Python\Python37-32\Scripts\;C:\Users\exteguadalupe\AppData\Local\Programs\Python\Python37-32\;C:\Users\exteguadalupe\AppData\Local\Microsoft\WindowsApps;C:\Users\exteguadalupe\AppData\Roaming\npm;C:\Users\exteguadalupe\.dotnet\tools;C:\Users\exteguadalupe\AppData\Local\Programs\Microsoft VS Code\bin;C:\Program Files\PostgreSQL\11\bin;D:\spark\bin;C:\Users\exteguadalupe\AppData\Local\Microsoft\WindowsApps;C:\Program Files (x86)\GnuWin32\bin;C:\kube;C:\Users\exteguadalupe\.dotnet\tools;C:\Program Files (x86)\Microsoft SDKs\Windows\v10.0A\bin\NETFX 4.8 Tools;;."/>
    <property name="java.vm.info" value="mixed mode"/>
    <property name="java.vendor" value="Oracle Corporation"/>
    <property name="java.vm.version" value="25.221-b11"/>
    <property name="java.ext.dirs" value="C:\Program Files\Java\jdk1.8.0_221\jre\lib\ext;C:\WINDOWS\Sun\Java\lib\ext"/>
    <property name="sun.io.unicode.encoding" value="UnicodeLittle"/>
    <property name="java.class.version" value="52.0"/>
  </properties>
  <testcase name="testHelloEndpoint" classname="com.redhat.developer.demos.GreetingResourceTest" time="1.422"/>
</testsuite>